<?xml version="1.0" encoding="UTF-8"?>
<!-- Generated by org.testng.reporters.JUnitReportReporter -->
<testsuite hostname="DESKTOP-SEQNCLR" failures="0" tests="1" name="batchExecution.firstTest" time="0.004" errors="0" timestamp="2023-02-04T18:19:23 IST" skipped="0">
  <testcase classname="batchExecution.firstTest" name="test1" time="0.004"/>
  <system-out/>
</testsuite> <!-- batchExecution.firstTest -->
