<?xml version="1.0" encoding="UTF-8"?>
<!-- Generated by org.testng.reporters.JUnitReportReporter -->
<testsuite hostname="DESKTOP-SEQNCLR" failures="0" tests="1" name="batchExecution.thirdTest" time="0.023" errors="0" timestamp="2023-02-04T18:19:23 IST" skipped="0">
  <testcase classname="batchExecution.thirdTest" name="test3" time="0.023"/>
  <system-out/>
</testsuite> <!-- batchExecution.thirdTest -->
