<?xml version="1.0" encoding="UTF-8"?>
<!-- Generated by org.testng.reporters.JUnitReportReporter -->
<testsuite hostname="DESKTOP-SEQNCLR" failures="0" tests="1" name="distributedParallel.firstTest" time="0.007" errors="0" timestamp="2023-01-26T17:31:59 IST" skipped="0">
  <testcase classname="distributedParallel.firstTest" name="test1" time="0.007"/>
  <system-out/>
</testsuite> <!-- distributedParallel.firstTest -->
