<?xml version="1.0" encoding="UTF-8"?>
<!-- Generated by org.testng.reporters.JUnitReportReporter -->
<testsuite skipped="0" hostname="DESKTOP-SEQNCLR" name="groupExecution.FirstTest" tests="2" failures="0" timestamp="2023-02-06T17:37:31 IST" time="0.026" errors="0">
  <testcase name="test2" time="0.005" classname="groupExecution.FirstTest"/>
  <system-out/>
  <testcase name="test0" time="0.021" classname="groupExecution.FirstTest"/>
  <system-out/>
</testsuite> <!-- groupExecution.FirstTest -->
