<?xml version="1.0" encoding="UTF-8"?>
<!-- Generated by org.testng.reporters.JUnitReportReporter -->
<testsuite hostname="DESKTOP-SEQNCLR" failures="0" tests="1" name="distributedParallel.fourthTest" time="0.059" errors="0" timestamp="2023-01-26T17:31:59 IST" skipped="0">
  <testcase classname="distributedParallel.fourthTest" name="test4" time="0.059"/>
  <system-out/>
</testsuite> <!-- distributedParallel.fourthTest -->
