<?xml version="1.0" encoding="UTF-8"?>
<!-- Generated by org.testng.reporters.JUnitReportReporter -->
<testsuite hostname="DESKTOP-SEQNCLR" failures="0" tests="1" name="xmlParametrization.PracticeTest" time="0.026" errors="0" timestamp="2023-01-09T16:40:22 IST" skipped="0">
  <testcase classname="xmlParametrization.PracticeTest" name="demoTest" time="0.026"/>
  <system-out/>
</testsuite> <!-- xmlParametrization.PracticeTest -->
