<?xml version="1.0" encoding="UTF-8"?>
<!-- Generated by org.testng.reporters.JUnitReportReporter -->
<testsuite hostname="DESKTOP-SEQNCLR" failures="0" tests="3" name="mavencmd.PracticeTest" time="100.137" errors="0" timestamp="2023-02-07T17:19:33 IST" skipped="0">
  <testcase classname="mavencmd.PracticeTest" name="test0" time="42.603"/>
  <system-out/>
  <testcase classname="mavencmd.PracticeTest" name="test1" time="22.076"/>
  <system-out/>
  <testcase classname="mavencmd.PracticeTest" name="test3" time="35.458"/>
  <system-out/>
</testsuite> <!-- mavencmd.PracticeTest -->
