<?xml version="1.0" encoding="UTF-8"?>
<!-- Generated by org.testng.reporters.JUnitReportReporter -->
<testsuite hostname="DESKTOP-SEQNCLR" failures="0" tests="1" name="distributedParallel.thirdTest" time="0.009" errors="0" timestamp="2023-01-26T17:31:59 IST" skipped="0">
  <testcase classname="distributedParallel.thirdTest" name="test3" time="0.009"/>
  <system-out/>
</testsuite> <!-- distributedParallel.thirdTest -->
