<?xml version="1.0" encoding="UTF-8"?>
<!-- Generated by org.testng.reporters.JUnitReportReporter -->
<testsuite hostname="DESKTOP-SEQNCLR" failures="0" tests="5" name="testng.PriorityPractice" time="0.062" errors="0" timestamp="2023-01-24T17:13:45 IST" skipped="0">
  <testcase classname="testng.PriorityPractice" name="test3" time="0.031"/>
  <system-out>
    <![CDATA[test3]]>
  </system-out>
  <testcase classname="testng.PriorityPractice" name="test1" time="0.006"/>
  <system-out>
    <![CDATA[test1]]>
  </system-out>
  <testcase classname="testng.PriorityPractice" name="test0" time="0.007"/>
  <system-out>
    <![CDATA[test0]]>
  </system-out>
  <testcase classname="testng.PriorityPractice" name="test4" time="0.010"/>
  <system-out>
    <![CDATA[test4]]>
  </system-out>
  <testcase classname="testng.PriorityPractice" name="test2" time="0.008"/>
  <system-out>
    <![CDATA[test2]]>
  </system-out>
</testsuite> <!-- testng.PriorityPractice -->
