<?xml version="1.0" encoding="UTF-8"?>
<!-- Generated by org.testng.reporters.JUnitReportReporter -->
<testsuite hostname="DESKTOP-SEQNCLR" failures="0" tests="2" name="testng.DependsOnMethods" time="66.637" errors="0" timestamp="2023-01-24T18:28:52 IST" skipped="0">
  <testcase classname="testng.DependsOnMethods" name="openActitime" time="55.556"/>
  <system-out/>
  <testcase classname="testng.DependsOnMethods" name="lognToActitime" time="11.081"/>
  <system-out/>
</testsuite> <!-- testng.DependsOnMethods -->
