<?xml version="1.0" encoding="UTF-8"?>
<!-- Generated by org.testng.reporters.JUnitReportReporter -->
<testsuite hostname="DESKTOP-SEQNCLR" failures="0" tests="3" name="grid.Practice1" time="105.361" errors="0" timestamp="2023-02-02T18:08:25 IST" skipped="0">
  <testcase classname="grid.Practice1" name="demo" time="34.720"/>
  <system-out/>
  <testcase classname="grid.Practice1" name="demo" time="35.749"/>
  <system-out/>
  <testcase classname="grid.Practice1" name="demo" time="34.892"/>
  <system-out/>
</testsuite> <!-- grid.Practice1 -->
