<?xml version="1.0" encoding="UTF-8"?>
<!-- Generated by org.testng.reporters.JUnitReportReporter -->
<testsuite hostname="DESKTOP-SEQNCLR" failures="0" tests="8" name="testng.InvocationAndPriority" time="0.079" errors="0" timestamp="2023-01-24T17:44:19 IST" skipped="0">
  <testcase classname="testng.InvocationAndPriority" name="test3" time="0.037"/>
  <system-out>
    <![CDATA[test3]]>
  </system-out>
  <testcase classname="testng.InvocationAndPriority" name="test3" time="0.009"/>
  <system-out>
    <![CDATA[test3]]>
  </system-out>
  <testcase classname="testng.InvocationAndPriority" name="test3" time="0.004"/>
  <system-out>
    <![CDATA[test3]]>
  </system-out>
  <testcase classname="testng.InvocationAndPriority" name="test1" time="0.004"/>
  <system-out>
    <![CDATA[test1]]>
  </system-out>
  <testcase classname="testng.InvocationAndPriority" name="test1" time="0.006"/>
  <system-out>
    <![CDATA[test1]]>
  </system-out>
  <testcase classname="testng.InvocationAndPriority" name="test0" time="0.005"/>
  <system-out>
    <![CDATA[test0]]>
  </system-out>
  <testcase classname="testng.InvocationAndPriority" name="test4" time="0.004"/>
  <system-out>
    <![CDATA[test4]]>
  </system-out>
  <testcase classname="testng.InvocationAndPriority" name="test2" time="0.010"/>
  <system-out>
    <![CDATA[test2]]>
  </system-out>
</testsuite> <!-- testng.InvocationAndPriority -->
