<?xml version="1.0" encoding="UTF-8"?>
<!-- Generated by org.testng.reporters.JUnitReportReporter -->
<testsuite hostname="DESKTOP-SEQNCLR" failures="0" tests="3" name="testng.DisabledFalse" time="0.047" errors="0" timestamp="2023-01-24T18:06:30 IST" skipped="1">
  <testcase classname="testng.DisabledFalse" name="demo2" time="0.040"/>
  <system-out/>
  <testcase classname="testng.DisabledFalse" name="demo5" time="0.007"/>
  <system-out/>
  <testcase classname="testng.DisabledFalse" name="demo3">
    <skipped/>
  </testcase> <!-- demo3 -->
  <system-out/>
</testsuite> <!-- testng.DisabledFalse -->
