<?xml version="1.0" encoding="UTF-8"?>
<!-- Generated by org.testng.reporters.JUnitReportReporter -->
<testsuite hostname="DESKTOP-SEQNCLR" failures="0" tests="4" name="groupExecution.thirdTest" time="0.036" errors="0" timestamp="2023-02-06T11:48:36 IST" skipped="0">
  <testcase classname="groupExecution.thirdTest" name="test0" time="0.021"/>
  <system-out/>
  <testcase classname="groupExecution.thirdTest" name="test3" time="0.005"/>
  <system-out/>
  <testcase classname="groupExecution.thirdTest" name="test1" time="0.003"/>
  <system-out/>
  <testcase classname="groupExecution.thirdTest" name="test2" time="0.007"/>
  <system-out/>
</testsuite> <!-- groupExecution.thirdTest -->
