<?xml version="1.0" encoding="UTF-8"?>
<!-- Generated by org.testng.reporters.JUnitReportReporter -->
<testsuite hostname="DESKTOP-SEQNCLR" failures="0" tests="3" name="dataprovider.PracticeTest" time="0.034" errors="0" timestamp="2023-01-30T17:29:11 IST" skipped="0">
  <testcase classname="dataprovider.PracticeTest" name="bookTicketTest" time="0.005"/>
  <system-out/>
  <testcase classname="dataprovider.PracticeTest" name="bookTicketTest" time="0.015"/>
  <system-out/>
  <testcase classname="dataprovider.PracticeTest" name="bookTicketTest" time="0.014"/>
  <system-out/>
</testsuite> <!-- dataprovider.PracticeTest -->
