<?xml version="1.0" encoding="UTF-8"?>
<!-- Generated by org.testng.reporters.JUnitReportReporter -->
<testsuite hostname="DESKTOP-SEQNCLR" failures="0" tests="4" name="testng.InvocationCount" time="0.050" errors="0" timestamp="2023-01-24T17:36:26 IST" skipped="0">
  <testcase classname="testng.InvocationCount" name="demo3" time="0.005"/>
  <system-out/>
  <testcase classname="testng.InvocationCount" name="demo5" time="0.005"/>
  <system-out/>
  <testcase classname="testng.InvocationCount" name="demo3" time="0.005"/>
  <system-out/>
  <testcase classname="testng.InvocationCount" name="demo2" time="0.035"/>
  <system-out/>
</testsuite> <!-- testng.InvocationCount -->
