<?xml version="1.0" encoding="UTF-8"?>
<!-- Generated by org.testng.reporters.JUnitReportReporter -->
<testsuite skipped="0" hostname="DESKTOP-SEQNCLR" name="groupExecution.SecondTest" tests="2" failures="0" timestamp="2023-02-06T17:37:31 IST" time="0.007" errors="0">
  <testcase name="test0" time="0.004" classname="groupExecution.SecondTest"/>
  <system-out/>
  <testcase name="test2" time="0.003" classname="groupExecution.SecondTest"/>
  <system-out/>
</testsuite> <!-- groupExecution.SecondTest -->
